Build started 19/01/2020 23:54:36.
     1>Project "C:\Users\Jasiek\Source\Repos\ea90e575-gr32-repo\Projekt\Slots\Slots\Slots.vcxproj" on node 2 (Build target(s)).
     1>ClCompile:
         C:\Program Files (x86)\Microsoft Visual Studio 14.0\VC\bin\CL.exe /c /ZI /nologo /W3 /WX- /sdl /Od /Oy- /D WIN32 /D _DEBUG /D _CONSOLE /D _UNICODE /D UNICODE /Gm /EHsc /RTC1 /MDd /GS /fp:precise /Zc:wchar_t /Zc:forScope /Zc:inline /Yc"stdafx.h" /Fp"Debug\Slots.pch" /Fo"Debug\\" /Fd"Debug\vc140.pdb" /Gd /TP /analyze- /errorReport:prompt stdafx.cpp
         stdafx.cpp
         C:\Program Files (x86)\Microsoft Visual Studio 14.0\VC\bin\CL.exe /c /ZI /nologo /W3 /WX- /sdl /Od /Oy- /D WIN32 /D _DEBUG /D _CONSOLE /D _UNICODE /D UNICODE /Gm /EHsc /RTC1 /MDd /GS /fp:precise /Zc:wchar_t /Zc:forScope /Zc:inline /Yu"stdafx.h" /Fp"Debug\Slots.pch" /Fo"Debug\\" /Fd"Debug\vc140.pdb" /Gd /TP /analyze- /errorReport:prompt Console.cpp Credits.cpp Main.cpp Screen.cpp Slot.cpp Symbols.cpp
         Skipping... (no relevant changes detected)
         Symbols.cpp
         Slot.cpp
         Screen.cpp
         Main.cpp
         Credits.cpp
         Console.cpp
       Link:
         C:\Program Files (x86)\Microsoft Visual Studio 14.0\VC\bin\link.exe /ERRORREPORT:PROMPT /OUT:"C:\Users\Jasiek\Source\Repos\ea90e575-gr32-repo\Projekt\Slots\Debug\Slots.exe" /INCREMENTAL /NOLOGO kernel32.lib user32.lib gdi32.lib winspool.lib comdlg32.lib advapi32.lib shell32.lib ole32.lib oleaut32.lib uuid.lib odbc32.lib odbccp32.lib /MANIFEST /MANIFESTUAC:"level='asInvoker' uiAccess='false'" /manifest:embed /Debug /PDB:"C:\Users\Jasiek\Source\Repos\ea90e575-gr32-repo\Projekt\Slots\Debug\Slots.pdb" /SUBSYSTEM:CONSOLE /TLBID:1 /DYNAMICBASE /NXCOMPAT /IMPLIB:"C:\Users\Jasiek\Source\Repos\ea90e575-gr32-repo\Projekt\Slots\Debug\Slots.lib" /MACHINE:X86 Debug\Console.obj
         Debug\Credits.obj
         Debug\Main.obj
         Debug\Screen.obj
         Debug\Slot.obj
         Debug\stdafx.obj
         Debug\Symbols.obj
         Slots.vcxproj -> C:\Users\Jasiek\Source\Repos\ea90e575-gr32-repo\Projekt\Slots\Debug\Slots.exe
     1>Done Building Project "C:\Users\Jasiek\Source\Repos\ea90e575-gr32-repo\Projekt\Slots\Slots\Slots.vcxproj" (Build target(s)).

Build succeeded.

Time Elapsed 00:00:02.10
